<?xml version="1.0" encoding="UTF-8"?>
<testsuite xmlns:xsi="http://www.w3.org/2001/XMLSchema-instance" xsi:noNamespaceSchemaLocation="https://maven.apache.org/surefire/maven-surefire-plugin/xsd/surefire-test-report.xsd" name="mao.spring_boot_redis_hmdp.SpringBootRedisHmdpUseCacheEmptyObjectsToSolveCachePenetrationApplicationTests" time="6.024" tests="1" errors="0" skipped="0" failures="0">
  <properties>
[...]
</properties>
  <testcase name="contextLoads" classname="mao.spring_boot_redis_hmdp.SpringBootRedisHmdpUseCacheEmptyObjectsToSolveCachePenetrationApplicationTests" time="0.571"/>
</testsuite>